android/app/build/intermediates/manifest_merge_blame_file/release/manifest-merger-blame-release-report.txt
1<?xml version="1.0" encoding="utf-8"?>
2<manifest xmlns:android="http://schemas.android.com/apk/res/android"
3    package="com.cookflow.app"
4    android:versionCode="2"
5    android:versionName="1.1.0" >
6
7    <uses-sdk
8        android:minSdkVersion="24"
9        android:targetSdkVersion="35" />
10
11    <!-- Permisos mínimos para WebView app -->
12    <uses-permission android:name="android.permission.INTERNET" />
12-->src/main/AndroidManifest.xml:7:5-67
12-->src/main/AndroidManifest.xml:7:22-64
13    <uses-permission android:name="android.permission.ACCESS_NETWORK_STATE" />
13-->src/main/AndroidManifest.xml:8:5-79
13-->src/main/AndroidManifest.xml:8:22-76
14
15    <!-- AdMob permission for ad personalization -->
16    <uses-permission android:name="com.google.android.gms.permission.AD_ID" />
16-->src/main/AndroidManifest.xml:11:5-79
16-->src/main/AndroidManifest.xml:11:22-76
17
18    <!-- Google Play Billing -->
19    <uses-permission android:name="com.android.vending.BILLING" />
19-->src/main/AndroidManifest.xml:14:5-67
19-->src/main/AndroidManifest.xml:14:22-64
20
21    <!-- Firebase Cloud Messaging -->
22    <uses-permission android:name="android.permission.WAKE_LOCK" />
22-->src/main/AndroidManifest.xml:17:5-68
22-->src/main/AndroidManifest.xml:17:22-65
23    <uses-permission android:name="android.permission.VIBRATE" />
23-->src/main/AndroidManifest.xml:18:5-66
23-->src/main/AndroidManifest.xml:18:22-63
24
25    <queries>
25-->[com.android.billingclient:billing:7.0.0] AndroidManifest.xml:12:5-16:15
26        <intent>
26-->[com.android.billingclient:billing:7.0.0] AndroidManifest.xml:13:9-15:18
27            <action android:name="com.android.vending.billing.InAppBillingService.BIND" />
27-->[com.android.billingclient:billing:7.0.0] AndroidManifest.xml:14:13-91
27-->[com.android.billingclient:billing:7.0.0] AndroidManifest.xml:14:21-88
28        </intent>
29        <!-- For browser content -->
30        <intent>
30-->[com.google.android.gms:play-services-ads-lite:23.3.0] AndroidManifest.xml:38:9-44:18
31            <action android:name="android.intent.action.VIEW" />
31-->src/main/AndroidManifest.xml:58:17-69
31-->src/main/AndroidManifest.xml:58:25-66
32
33            <category android:name="android.intent.category.BROWSABLE" />
33-->src/main/AndroidManifest.xml:60:17-78
33-->src/main/AndroidManifest.xml:60:27-75
34
35            <data android:scheme="https" />
35-->src/main/AndroidManifest.xml:61:17-62:54
35-->src/main/AndroidManifest.xml:61:23-45
36        </intent> <!-- End of browser content -->
37        <!-- For CustomTabsService -->
38        <intent>
38-->[com.google.android.gms:play-services-ads-lite:23.3.0] AndroidManifest.xml:47:9-49:18
39            <action android:name="android.support.customtabs.action.CustomTabsService" />
39-->[com.google.android.gms:play-services-ads-lite:23.3.0] AndroidManifest.xml:48:13-90
39-->[com.google.android.gms:play-services-ads-lite:23.3.0] AndroidManifest.xml:48:21-87
40        </intent>
41    </queries>
42
43    <uses-permission android:name="android.permission.ACCESS_ADSERVICES_ATTRIBUTION" />
43-->[com.google.android.gms:play-services-measurement-api:21.6.2] AndroidManifest.xml:26:5-88
43-->[com.google.android.gms:play-services-measurement-api:21.6.2] AndroidManifest.xml:26:22-85
44    <uses-permission android:name="android.permission.ACCESS_ADSERVICES_AD_ID" />
44-->[com.google.android.gms:play-services-measurement-api:21.6.2] AndroidManifest.xml:27:5-82
44-->[com.google.android.gms:play-services-measurement-api:21.6.2] AndroidManifest.xml:27:22-79
45    <uses-permission android:name="com.google.android.finsky.permission.BIND_GET_INSTALL_REFERRER_SERVICE" />
45-->[com.google.android.gms:play-services-measurement:21.6.2] AndroidManifest.xml:26:5-110
45-->[com.google.android.gms:play-services-measurement:21.6.2] AndroidManifest.xml:26:22-107
46    <uses-permission android:name="android.permission.ACCESS_ADSERVICES_TOPICS" />
46-->[com.google.android.gms:play-services-ads-lite:23.3.0] AndroidManifest.xml:29:5-83
46-->[com.google.android.gms:play-services-ads-lite:23.3.0] AndroidManifest.xml:29:22-80
47    <uses-permission android:name="android.permission.FOREGROUND_SERVICE" />
47-->[androidx.work:work-runtime:2.7.0] AndroidManifest.xml:28:5-77
47-->[androidx.work:work-runtime:2.7.0] AndroidManifest.xml:28:22-74
48
49    <permission
49-->[androidx.core:core:1.13.1] AndroidManifest.xml:22:5-24:47
50        android:name="com.cookflow.app.DYNAMIC_RECEIVER_NOT_EXPORTED_PERMISSION"
50-->[androidx.core:core:1.13.1] AndroidManifest.xml:23:9-81
51        android:protectionLevel="signature" />
51-->[androidx.core:core:1.13.1] AndroidManifest.xml:24:9-44
52
53    <uses-permission android:name="com.cookflow.app.DYNAMIC_RECEIVER_NOT_EXPORTED_PERMISSION" />
53-->[androidx.core:core:1.13.1] AndroidManifest.xml:26:5-97
53-->[androidx.core:core:1.13.1] AndroidManifest.xml:26:22-94
54
55    <application
55-->src/main/AndroidManifest.xml:20:5-113:19
56        android:allowBackup="true"
56-->src/main/AndroidManifest.xml:21:9-35
57        android:appComponentFactory="androidx.core.app.CoreComponentFactory"
57-->[androidx.core:core:1.13.1] AndroidManifest.xml:28:18-86
58        android:dataExtractionRules="@xml/data_extraction_rules"
58-->src/main/AndroidManifest.xml:22:9-65
59        android:extractNativeLibs="false"
60        android:fullBackupContent="@xml/backup_rules"
60-->src/main/AndroidManifest.xml:23:9-54
61        android:icon="@mipmap/ic_launcher"
61-->src/main/AndroidManifest.xml:24:9-43
62        android:label="@string/app_name"
62-->src/main/AndroidManifest.xml:25:9-41
63        android:roundIcon="@mipmap/ic_launcher_round"
63-->src/main/AndroidManifest.xml:26:9-54
64        android:supportsRtl="true"
64-->src/main/AndroidManifest.xml:27:9-35
65        android:theme="@style/Theme.TheCookFlow"
65-->src/main/AndroidManifest.xml:28:9-49
66        android:usesCleartextTraffic="false" >
66-->src/main/AndroidManifest.xml:29:9-45
67
68        <!-- AdMob App ID - REAL PRODUCTION ID -->
69        <meta-data
69-->src/main/AndroidManifest.xml:33:9-35:70
70            android:name="com.google.android.gms.ads.APPLICATION_ID"
70-->src/main/AndroidManifest.xml:34:13-69
71            android:value="ca-app-pub-7982290772698799~6190992844" />
71-->src/main/AndroidManifest.xml:35:13-67
72
73        <!-- Firebase Analytics -->
74        <meta-data
74-->src/main/AndroidManifest.xml:38:9-40:36
75            android:name="firebase_analytics_collection_enabled"
75-->src/main/AndroidManifest.xml:39:13-65
76            android:value="true" />
76-->src/main/AndroidManifest.xml:40:13-33
77
78        <!-- Firebase Crashlytics -->
79        <meta-data
79-->src/main/AndroidManifest.xml:43:9-45:36
80            android:name="firebase_crashlytics_collection_enabled"
80-->src/main/AndroidManifest.xml:44:13-67
81            android:value="true" />
81-->src/main/AndroidManifest.xml:45:13-33
82
83        <activity
83-->src/main/AndroidManifest.xml:47:9-71:20
84            android:name="com.cookflow.app.MainActivity"
84-->src/main/AndroidManifest.xml:48:13-41
85            android:configChanges="orientation|screenSize|screenLayout|keyboardHidden"
85-->src/main/AndroidManifest.xml:51:13-87
86            android:exported="true"
86-->src/main/AndroidManifest.xml:49:13-36
87            android:launchMode="singleTop"
87-->src/main/AndroidManifest.xml:50:13-43
88            android:theme="@style/Theme.TheCookFlow.NoActionBar" >
88-->src/main/AndroidManifest.xml:52:13-65
89            <intent-filter android:autoVerify="true" >
89-->src/main/AndroidManifest.xml:53:13-56:29
89-->src/main/AndroidManifest.xml:53:28-53
90                <action android:name="android.intent.action.MAIN" />
90-->src/main/AndroidManifest.xml:54:17-69
90-->src/main/AndroidManifest.xml:54:25-66
91
92                <category android:name="android.intent.category.LAUNCHER" />
92-->src/main/AndroidManifest.xml:55:17-77
92-->src/main/AndroidManifest.xml:55:27-74
93            </intent-filter>
94            <intent-filter android:autoVerify="true" >
94-->src/main/AndroidManifest.xml:57:13-63:29
94-->src/main/AndroidManifest.xml:57:28-53
95                <action android:name="android.intent.action.VIEW" />
95-->src/main/AndroidManifest.xml:58:17-69
95-->src/main/AndroidManifest.xml:58:25-66
96
97                <category android:name="android.intent.category.DEFAULT" />
97-->src/main/AndroidManifest.xml:59:17-76
97-->src/main/AndroidManifest.xml:59:27-73
98                <category android:name="android.intent.category.BROWSABLE" />
98-->src/main/AndroidManifest.xml:60:17-78
98-->src/main/AndroidManifest.xml:60:27-75
99
100                <data
100-->src/main/AndroidManifest.xml:61:17-62:54
101                    android:host="thecookflow.com"
101-->src/main/AndroidManifest.xml:62:21-51
102                    android:scheme="https" />
102-->src/main/AndroidManifest.xml:61:23-45
103            </intent-filter>
104            <intent-filter android:autoVerify="true" >
104-->src/main/AndroidManifest.xml:64:13-70:29
104-->src/main/AndroidManifest.xml:64:28-53
105                <action android:name="android.intent.action.VIEW" />
105-->src/main/AndroidManifest.xml:58:17-69
105-->src/main/AndroidManifest.xml:58:25-66
106
107                <category android:name="android.intent.category.DEFAULT" />
107-->src/main/AndroidManifest.xml:59:17-76
107-->src/main/AndroidManifest.xml:59:27-73
108                <category android:name="android.intent.category.BROWSABLE" />
108-->src/main/AndroidManifest.xml:60:17-78
108-->src/main/AndroidManifest.xml:60:27-75
109
110                <data
110-->src/main/AndroidManifest.xml:61:17-62:54
111                    android:host="thecookflow-20-playstore-ruperdfn.replit.app"
111-->src/main/AndroidManifest.xml:62:21-51
112                    android:scheme="https" />
112-->src/main/AndroidManifest.xml:61:23-45
113            </intent-filter>
114        </activity>
115
116        <!-- Splash Screen Activity -->
117        <activity
117-->src/main/AndroidManifest.xml:74:9-79:20
118            android:name="com.cookflow.app.SplashActivity"
118-->src/main/AndroidManifest.xml:75:13-43
119            android:configChanges="orientation|screenSize|screenLayout|keyboardHidden"
119-->src/main/AndroidManifest.xml:78:13-87
120            android:exported="true"
120-->src/main/AndroidManifest.xml:76:13-36
121            android:theme="@style/Theme.TheCookFlow.Splash" >
121-->src/main/AndroidManifest.xml:77:13-60
122        </activity>
123
124        <!-- Paywall Activity -->
125        <activity
125-->src/main/AndroidManifest.xml:82:9-87:20
126            android:name="com.cookflow.app.PaywallActivity"
126-->src/main/AndroidManifest.xml:83:13-44
127            android:configChanges="orientation|screenSize|screenLayout|keyboardHidden"
127-->src/main/AndroidManifest.xml:86:13-87
128            android:exported="false"
128-->src/main/AndroidManifest.xml:84:13-37
129            android:theme="@style/Theme.TheCookFlow.NoActionBar" >
129-->src/main/AndroidManifest.xml:85:13-65
130        </activity>
131
132        <!-- Firebase Cloud Messaging Service -->
133        <service
133-->src/main/AndroidManifest.xml:90:9-96:19
134            android:name="com.cookflow.app.FCMService"
134-->src/main/AndroidManifest.xml:91:13-39
135            android:exported="false" >
135-->src/main/AndroidManifest.xml:92:13-37
136            <intent-filter>
136-->src/main/AndroidManifest.xml:93:13-95:29
137                <action android:name="com.google.firebase.MESSAGING_EVENT" />
137-->src/main/AndroidManifest.xml:94:17-78
137-->src/main/AndroidManifest.xml:94:25-75
138            </intent-filter>
139        </service>
140
141        <!-- Default notification icon -->
142        <meta-data
142-->src/main/AndroidManifest.xml:99:9-101:60
143            android:name="com.google.firebase.messaging.default_notification_icon"
143-->src/main/AndroidManifest.xml:100:13-83
144            android:resource="@drawable/ic_notification" />
144-->src/main/AndroidManifest.xml:101:13-57
145
146        <!-- Default notification color -->
147        <meta-data
147-->src/main/AndroidManifest.xml:104:9-106:65
148            android:name="com.google.firebase.messaging.default_notification_color"
148-->src/main/AndroidManifest.xml:105:13-84
149            android:resource="@android:color/holo_green_dark" />
149-->src/main/AndroidManifest.xml:106:13-62
150
151        <!-- Default notification channel -->
152        <meta-data
152-->src/main/AndroidManifest.xml:109:9-111:51
153            android:name="com.google.firebase.messaging.default_notification_channel_id"
153-->src/main/AndroidManifest.xml:110:13-89
154            android:value="thecookflow_general" />
154-->src/main/AndroidManifest.xml:111:13-48
155
156        <provider
156-->[androidx.emoji2:emoji2:1.3.0] AndroidManifest.xml:24:9-32:20
157            android:name="androidx.startup.InitializationProvider"
157-->[androidx.emoji2:emoji2:1.3.0] AndroidManifest.xml:25:13-67
158            android:authorities="com.cookflow.app.androidx-startup"
158-->[androidx.emoji2:emoji2:1.3.0] AndroidManifest.xml:26:13-68
159            android:exported="false" >
159-->[androidx.emoji2:emoji2:1.3.0] AndroidManifest.xml:27:13-37
160            <meta-data
160-->[androidx.emoji2:emoji2:1.3.0] AndroidManifest.xml:29:13-31:52
161                android:name="androidx.emoji2.text.EmojiCompatInitializer"
161-->[androidx.emoji2:emoji2:1.3.0] AndroidManifest.xml:30:17-75
162                android:value="androidx.startup" />
162-->[androidx.emoji2:emoji2:1.3.0] AndroidManifest.xml:31:17-49
163            <meta-data
163-->[androidx.work:work-runtime:2.7.0] AndroidManifest.xml:36:13-38:52
164                android:name="androidx.work.WorkManagerInitializer"
164-->[androidx.work:work-runtime:2.7.0] AndroidManifest.xml:37:17-68
165                android:value="androidx.startup" />
165-->[androidx.work:work-runtime:2.7.0] AndroidManifest.xml:38:17-49
166            <meta-data
166-->[androidx.lifecycle:lifecycle-process:2.8.6] AndroidManifest.xml:29:13-31:52
167                android:name="androidx.lifecycle.ProcessLifecycleInitializer"
167-->[androidx.lifecycle:lifecycle-process:2.8.6] AndroidManifest.xml:30:17-78
168                android:value="androidx.startup" />
168-->[androidx.lifecycle:lifecycle-process:2.8.6] AndroidManifest.xml:31:17-49
169            <meta-data
169-->[androidx.profileinstaller:profileinstaller:1.4.0] AndroidManifest.xml:29:13-31:52
170                android:name="androidx.profileinstaller.ProfileInstallerInitializer"
170-->[androidx.profileinstaller:profileinstaller:1.4.0] AndroidManifest.xml:30:17-85
171                android:value="androidx.startup" />
171-->[androidx.profileinstaller:profileinstaller:1.4.0] AndroidManifest.xml:31:17-49
172        </provider>
173
174        <meta-data
174-->[com.android.billingclient:billing:7.0.0] AndroidManifest.xml:19:9-21:37
175            android:name="com.google.android.play.billingclient.version"
175-->[com.android.billingclient:billing:7.0.0] AndroidManifest.xml:20:13-73
176            android:value="7.0.0" />
176-->[com.android.billingclient:billing:7.0.0] AndroidManifest.xml:21:13-34
177
178        <activity
178-->[com.android.billingclient:billing:7.0.0] AndroidManifest.xml:23:9-27:75
179            android:name="com.android.billingclient.api.ProxyBillingActivity"
179-->[com.android.billingclient:billing:7.0.0] AndroidManifest.xml:24:13-78
180            android:configChanges="keyboard|keyboardHidden|screenLayout|screenSize|orientation"
180-->[com.android.billingclient:billing:7.0.0] AndroidManifest.xml:25:13-96
181            android:exported="false"
181-->[com.android.billingclient:billing:7.0.0] AndroidManifest.xml:26:13-37
182            android:theme="@android:style/Theme.Translucent.NoTitleBar" />
182-->[com.android.billingclient:billing:7.0.0] AndroidManifest.xml:27:13-72
183        <activity
183-->[com.android.billingclient:billing:7.0.0] AndroidManifest.xml:28:9-32:75
184            android:name="com.android.billingclient.api.ProxyBillingActivityV2"
184-->[com.android.billingclient:billing:7.0.0] AndroidManifest.xml:29:13-80
185            android:configChanges="keyboard|keyboardHidden|screenLayout|screenSize|orientation"
185-->[com.android.billingclient:billing:7.0.0] AndroidManifest.xml:30:13-96
186            android:exported="false"
186-->[com.android.billingclient:billing:7.0.0] AndroidManifest.xml:31:13-37
187            android:theme="@android:style/Theme.Translucent.NoTitleBar" />
187-->[com.android.billingclient:billing:7.0.0] AndroidManifest.xml:32:13-72
188        <activity
188-->[com.google.android.gms:play-services-auth:21.2.0] AndroidManifest.xml:23:9-27:75
189            android:name="com.google.android.gms.auth.api.signin.internal.SignInHubActivity"
189-->[com.google.android.gms:play-services-auth:21.2.0] AndroidManifest.xml:24:13-93
190            android:excludeFromRecents="true"
190-->[com.google.android.gms:play-services-auth:21.2.0] AndroidManifest.xml:25:13-46
191            android:exported="false"
191-->[com.google.android.gms:play-services-auth:21.2.0] AndroidManifest.xml:26:13-37
192            android:theme="@android:style/Theme.Translucent.NoTitleBar" />
192-->[com.google.android.gms:play-services-auth:21.2.0] AndroidManifest.xml:27:13-72
193        <!--
194            Service handling Google Sign-In user revocation. For apps that do not integrate with
195            Google Sign-In, this service will never be started.
196        -->
197        <service
197-->[com.google.android.gms:play-services-auth:21.2.0] AndroidManifest.xml:33:9-37:51
198            android:name="com.google.android.gms.auth.api.signin.RevocationBoundService"
198-->[com.google.android.gms:play-services-auth:21.2.0] AndroidManifest.xml:34:13-89
199            android:exported="true"
199-->[com.google.android.gms:play-services-auth:21.2.0] AndroidManifest.xml:35:13-36
200            android:permission="com.google.android.gms.auth.api.signin.permission.REVOCATION_NOTIFICATION"
200-->[com.google.android.gms:play-services-auth:21.2.0] AndroidManifest.xml:36:13-107
201            android:visibleToInstantApps="true" />
201-->[com.google.android.gms:play-services-auth:21.2.0] AndroidManifest.xml:37:13-48
202
203        <activity
203-->[com.google.android.gms:play-services-base:18.3.0] AndroidManifest.xml:20:9-22:45
204            android:name="com.google.android.gms.common.api.GoogleApiActivity"
204-->[com.google.android.gms:play-services-base:18.3.0] AndroidManifest.xml:20:19-85
205            android:exported="false"
205-->[com.google.android.gms:play-services-base:18.3.0] AndroidManifest.xml:22:19-43
206            android:theme="@android:style/Theme.Translucent.NoTitleBar" />
206-->[com.google.android.gms:play-services-base:18.3.0] AndroidManifest.xml:21:19-78
207
208        <property
208-->[com.google.android.gms:play-services-measurement-api:21.6.2] AndroidManifest.xml:30:9-32:61
209            android:name="android.adservices.AD_SERVICES_CONFIG"
209-->[com.google.android.gms:play-services-measurement-api:21.6.2] AndroidManifest.xml:31:13-65
210            android:resource="@xml/ga_ad_services_config" />
210-->[com.google.android.gms:play-services-measurement-api:21.6.2] AndroidManifest.xml:32:13-58
211
212        <service
212-->[com.google.android.gms:play-services-measurement-api:21.6.2] AndroidManifest.xml:34:9-40:19
213            android:name="com.google.firebase.components.ComponentDiscoveryService"
213-->[com.google.android.gms:play-services-measurement-api:21.6.2] AndroidManifest.xml:35:13-84
214            android:directBootAware="true"
214-->[com.google.firebase:firebase-common:20.4.3] AndroidManifest.xml:32:13-43
215            android:exported="false" >
215-->[com.google.android.gms:play-services-measurement-api:21.6.2] AndroidManifest.xml:36:13-37
216            <meta-data
216-->[com.google.android.gms:play-services-measurement-api:21.6.2] AndroidManifest.xml:37:13-39:85
217                android:name="com.google.firebase.components:com.google.firebase.analytics.connector.internal.AnalyticsConnectorRegistrar"
217-->[com.google.android.gms:play-services-measurement-api:21.6.2] AndroidManifest.xml:38:17-139
218                android:value="com.google.firebase.components.ComponentRegistrar" />
218-->[com.google.android.gms:play-services-measurement-api:21.6.2] AndroidManifest.xml:39:17-82
219            <meta-data
219-->[com.google.firebase:firebase-installations:17.2.0] AndroidManifest.xml:15:13-17:85
220                android:name="com.google.firebase.components:com.google.firebase.installations.FirebaseInstallationsKtxRegistrar"
220-->[com.google.firebase:firebase-installations:17.2.0] AndroidManifest.xml:16:17-130
221                android:value="com.google.firebase.components.ComponentRegistrar" />
221-->[com.google.firebase:firebase-installations:17.2.0] AndroidManifest.xml:17:17-82
222            <meta-data
222-->[com.google.firebase:firebase-installations:17.2.0] AndroidManifest.xml:18:13-20:85
223                android:name="com.google.firebase.components:com.google.firebase.installations.FirebaseInstallationsRegistrar"
223-->[com.google.firebase:firebase-installations:17.2.0] AndroidManifest.xml:19:17-127
224                android:value="com.google.firebase.components.ComponentRegistrar" />
224-->[com.google.firebase:firebase-installations:17.2.0] AndroidManifest.xml:20:17-82
225            <meta-data
225-->[com.google.firebase:firebase-common-ktx:20.4.3] AndroidManifest.xml:12:13-14:85
226                android:name="com.google.firebase.components:com.google.firebase.ktx.FirebaseCommonLegacyRegistrar"
226-->[com.google.firebase:firebase-common-ktx:20.4.3] AndroidManifest.xml:13:17-116
227                android:value="com.google.firebase.components.ComponentRegistrar" />
227-->[com.google.firebase:firebase-common-ktx:20.4.3] AndroidManifest.xml:14:17-82
228            <meta-data
228-->[com.google.firebase:firebase-common:20.4.3] AndroidManifest.xml:35:13-37:85
229                android:name="com.google.firebase.components:com.google.firebase.FirebaseCommonKtxRegistrar"
229-->[com.google.firebase:firebase-common:20.4.3] AndroidManifest.xml:36:17-109
230                android:value="com.google.firebase.components.ComponentRegistrar" />
230-->[com.google.firebase:firebase-common:20.4.3] AndroidManifest.xml:37:17-82
231        </service>
232
233        <provider
233-->[com.google.firebase:firebase-common:20.4.3] AndroidManifest.xml:23:9-28:39
234            android:name="com.google.firebase.provider.FirebaseInitProvider"
234-->[com.google.firebase:firebase-common:20.4.3] AndroidManifest.xml:24:13-77
235            android:authorities="com.cookflow.app.firebaseinitprovider"
235-->[com.google.firebase:firebase-common:20.4.3] AndroidManifest.xml:25:13-72
236            android:directBootAware="true"
236-->[com.google.firebase:firebase-common:20.4.3] AndroidManifest.xml:26:13-43
237            android:exported="false"
237-->[com.google.firebase:firebase-common:20.4.3] AndroidManifest.xml:27:13-37
238            android:initOrder="100" />
238-->[com.google.firebase:firebase-common:20.4.3] AndroidManifest.xml:28:13-36
239
240        <receiver
240-->[com.google.android.gms:play-services-measurement:21.6.2] AndroidManifest.xml:29:9-33:20
241            android:name="com.google.android.gms.measurement.AppMeasurementReceiver"
241-->[com.google.android.gms:play-services-measurement:21.6.2] AndroidManifest.xml:30:13-85
242            android:enabled="true"
242-->[com.google.android.gms:play-services-measurement:21.6.2] AndroidManifest.xml:31:13-35
243            android:exported="false" >
243-->[com.google.android.gms:play-services-measurement:21.6.2] AndroidManifest.xml:32:13-37
244        </receiver>
245
246        <service
246-->[com.google.android.gms:play-services-measurement:21.6.2] AndroidManifest.xml:35:9-38:40
247            android:name="com.google.android.gms.measurement.AppMeasurementService"
247-->[com.google.android.gms:play-services-measurement:21.6.2] AndroidManifest.xml:36:13-84
248            android:enabled="true"
248-->[com.google.android.gms:play-services-measurement:21.6.2] AndroidManifest.xml:37:13-35
249            android:exported="false" />
249-->[com.google.android.gms:play-services-measurement:21.6.2] AndroidManifest.xml:38:13-37
250        <service
250-->[com.google.android.gms:play-services-measurement:21.6.2] AndroidManifest.xml:39:9-43:72
251            android:name="com.google.android.gms.measurement.AppMeasurementJobService"
251-->[com.google.android.gms:play-services-measurement:21.6.2] AndroidManifest.xml:40:13-87
252            android:enabled="true"
252-->[com.google.android.gms:play-services-measurement:21.6.2] AndroidManifest.xml:41:13-35
253            android:exported="false"
253-->[com.google.android.gms:play-services-measurement:21.6.2] AndroidManifest.xml:42:13-37
254            android:permission="android.permission.BIND_JOB_SERVICE" /> <!-- Include the AdActivity and InAppPurchaseActivity configChanges and themes. -->
254-->[com.google.android.gms:play-services-measurement:21.6.2] AndroidManifest.xml:43:13-69
255        <activity
255-->[com.google.android.gms:play-services-ads-lite:23.3.0] AndroidManifest.xml:56:9-61:43
256            android:name="com.google.android.gms.ads.AdActivity"
256-->[com.google.android.gms:play-services-ads-lite:23.3.0] AndroidManifest.xml:57:13-65
257            android:configChanges="keyboard|keyboardHidden|orientation|screenLayout|uiMode|screenSize|smallestScreenSize"
257-->[com.google.android.gms:play-services-ads-lite:23.3.0] AndroidManifest.xml:58:13-122
258            android:exported="false"
258-->[com.google.android.gms:play-services-ads-lite:23.3.0] AndroidManifest.xml:59:13-37
259            android:theme="@android:style/Theme.Translucent" />
259-->[com.google.android.gms:play-services-ads-lite:23.3.0] AndroidManifest.xml:60:13-61
260
261        <provider
261-->[com.google.android.gms:play-services-ads-lite:23.3.0] AndroidManifest.xml:63:9-68:43
262            android:name="com.google.android.gms.ads.MobileAdsInitProvider"
262-->[com.google.android.gms:play-services-ads-lite:23.3.0] AndroidManifest.xml:64:13-76
263            android:authorities="com.cookflow.app.mobileadsinitprovider"
263-->[com.google.android.gms:play-services-ads-lite:23.3.0] AndroidManifest.xml:65:13-73
264            android:exported="false"
264-->[com.google.android.gms:play-services-ads-lite:23.3.0] AndroidManifest.xml:66:13-37
265            android:initOrder="100" />
265-->[com.google.android.gms:play-services-ads-lite:23.3.0] AndroidManifest.xml:67:13-36
266
267        <service
267-->[com.google.android.gms:play-services-ads-lite:23.3.0] AndroidManifest.xml:70:9-74:43
268            android:name="com.google.android.gms.ads.AdService"
268-->[com.google.android.gms:play-services-ads-lite:23.3.0] AndroidManifest.xml:71:13-64
269            android:enabled="true"
269-->[com.google.android.gms:play-services-ads-lite:23.3.0] AndroidManifest.xml:72:13-35
270            android:exported="false" />
270-->[com.google.android.gms:play-services-ads-lite:23.3.0] AndroidManifest.xml:73:13-37
271
272        <activity
272-->[com.google.android.gms:play-services-ads-lite:23.3.0] AndroidManifest.xml:76:9-80:43
273            android:name="com.google.android.gms.ads.OutOfContextTestingActivity"
273-->[com.google.android.gms:play-services-ads-lite:23.3.0] AndroidManifest.xml:77:13-82
274            android:configChanges="keyboard|keyboardHidden|orientation|screenLayout|uiMode|screenSize|smallestScreenSize"
274-->[com.google.android.gms:play-services-ads-lite:23.3.0] AndroidManifest.xml:78:13-122
275            android:exported="false" />
275-->[com.google.android.gms:play-services-ads-lite:23.3.0] AndroidManifest.xml:79:13-37
276        <activity
276-->[com.google.android.gms:play-services-ads-lite:23.3.0] AndroidManifest.xml:81:9-88:43
277            android:name="com.google.android.gms.ads.NotificationHandlerActivity"
277-->[com.google.android.gms:play-services-ads-lite:23.3.0] AndroidManifest.xml:82:13-82
278            android:excludeFromRecents="true"
278-->[com.google.android.gms:play-services-ads-lite:23.3.0] AndroidManifest.xml:83:13-46
279            android:exported="false"
279-->[com.google.android.gms:play-services-ads-lite:23.3.0] AndroidManifest.xml:84:13-37
280            android:launchMode="singleTask"
280-->[com.google.android.gms:play-services-ads-lite:23.3.0] AndroidManifest.xml:85:13-44
281            android:taskAffinity=""
281-->[com.google.android.gms:play-services-ads-lite:23.3.0] AndroidManifest.xml:86:13-36
282            android:theme="@android:style/Theme.Translucent.NoTitleBar" />
282-->[com.google.android.gms:play-services-ads-lite:23.3.0] AndroidManifest.xml:87:13-72
283
284        <property
284-->[com.google.android.gms:play-services-measurement-api:21.6.2] AndroidManifest.xml:30:9-32:61
285            android:name="android.adservices.AD_SERVICES_CONFIG"
285-->[com.google.android.gms:play-services-measurement-api:21.6.2] AndroidManifest.xml:31:13-65
286            android:resource="@xml/gma_ad_services_config" />
286-->[com.google.android.gms:play-services-measurement-api:21.6.2] AndroidManifest.xml:32:13-58
287
288        <service
288-->[androidx.work:work-runtime:2.7.0] AndroidManifest.xml:41:9-46:35
289            android:name="androidx.work.impl.background.systemalarm.SystemAlarmService"
289-->[androidx.work:work-runtime:2.7.0] AndroidManifest.xml:42:13-88
290            android:directBootAware="false"
290-->[androidx.work:work-runtime:2.7.0] AndroidManifest.xml:43:13-44
291            android:enabled="@bool/enable_system_alarm_service_default"
291-->[androidx.work:work-runtime:2.7.0] AndroidManifest.xml:44:13-72
292            android:exported="false" />
292-->[androidx.work:work-runtime:2.7.0] AndroidManifest.xml:45:13-37
293        <service